Flow report for CMDSCI
Thu Sep 12 16:46:47 2024
Quartus Prime Version 20.1.0 Build 711 06/05/2020 SJ Lite Edition


---------------------
; Table of Contents ;
---------------------
  1. Legal Notice
  2. Flow Summary
  3. Flow Settings
  4. Flow Non-Default Global Settings
  5. Flow Elapsed Time
  6. Flow OS Summary
  7. Flow Log
  8. Flow Messages
  9. Flow Suppressed Messages



----------------
; Legal Notice ;
----------------
Copyright (C) 2020  Intel Corporation. All rights reserved.
Your use of Intel Corporation's design tools, logic functions 
and other software and tools, and any partner logic 
functions, and any output files from any of the foregoing 
(including device programming or simulation files), and any 
associated documentation or information are expressly subject 
to the terms and conditions of the Intel Program License 
Subscription Agreement, the Intel Quartus Prime License Agreement,
the Intel FPGA IP License Agreement, or other applicable license
agreement, including, without limitation, that your use is for
the sole purpose of programming logic devices manufactured by
Intel and sold by Intel or its authorized distributors.  Please
refer to the applicable agreement for further details, at
https://fpgasoftware.intel.com/eula.



+-------------------------------------------------------------------------------+
; Flow Summary                                                                  ;
+---------------------------------+---------------------------------------------+
; Flow Status                     ; Successful - Thu Sep 12 16:46:29 2024       ;
; Quartus Prime Version           ; 20.1.0 Build 711 06/05/2020 SJ Lite Edition ;
; Revision Name                   ; CMDSCI                                      ;
; Top-level Entity Name           ; CMDSCI                                      ;
; Family                          ; Cyclone V                                   ;
; Device                          ; 5CEFA9F23I7                                 ;
; Timing Models                   ; Final                                       ;
; Logic utilization (in ALMs)     ; 4,885 / 113,560 ( 4 % )                     ;
; Total registers                 ; 5249                                        ;
; Total pins                      ; 31 / 224 ( 14 % )                           ;
; Total virtual pins              ; 0                                           ;
; Total block memory bits         ; 2,107,424 / 12,492,800 ( 17 % )             ;
; Total DSP Blocks                ; 0 / 342 ( 0 % )                             ;
; Total HSSI RX PCSs              ; 0                                           ;
; Total HSSI PMA RX Deserializers ; 0                                           ;
; Total HSSI TX PCSs              ; 0                                           ;
; Total HSSI PMA TX Serializers   ; 0                                           ;
; Total PLLs                      ; 2 / 8 ( 25 % )                              ;
; Total DLLs                      ; 0 / 4 ( 0 % )                               ;
+---------------------------------+---------------------------------------------+


+-----------------------------------------+
; Flow Settings                           ;
+-------------------+---------------------+
; Option            ; Setting             ;
+-------------------+---------------------+
; Start date & time ; 09/12/2024 16:42:51 ;
; Main task         ; Compilation         ;
; Revision Name     ; CMDSCI              ;
+-------------------+---------------------+


+-------------------------------------------------------------------------------------------------------------------------+
; Flow Non-Default Global Settings                                                                                        ;
+-------------------------------------+----------------------------------------+---------------+-------------+------------+
; Assignment Name                     ; Value                                  ; Default Value ; Entity Name ; Section Id ;
+-------------------------------------+----------------------------------------+---------------+-------------+------------+
; COMPILER_SIGNATURE_ID               ; 202883596358622.172613057109280        ; --            ; --          ; --         ;
; ENABLE_SIGNALTAP                    ; Off                                    ; --            ; --          ; --         ;
; MAX_CORE_JUNCTION_TEMP              ; 100                                    ; --            ; --          ; --         ;
; MIN_CORE_JUNCTION_TEMP              ; -40                                    ; --            ; --          ; --         ;
; MISC_FILE                           ; PLL12.cmp                              ; --            ; --          ; --         ;
; MISC_FILE                           ; PLL12_sim/PLL12.vo                     ; --            ; --          ; --         ;
; MISC_FILE                           ; PLL80_30.cmp                           ; --            ; --          ; --         ;
; MISC_FILE                           ; PLL80_30_sim/PLL80_30.vo               ; --            ; --          ; --         ;
; MISC_FILE                           ; CDC_bb.v                               ; --            ; --          ; --         ;
; OUTPUT_IO_TIMING_FAR_END_VMEAS      ; Half Signal Swing                      ; --            ; --          ; --         ;
; OUTPUT_IO_TIMING_FAR_END_VMEAS      ; Half Signal Swing                      ; --            ; --          ; --         ;
; OUTPUT_IO_TIMING_NEAR_END_VMEAS     ; Half Vccio                             ; --            ; --          ; --         ;
; OUTPUT_IO_TIMING_NEAR_END_VMEAS     ; Half Vccio                             ; --            ; --          ; --         ;
; PARTITION_COLOR                     ; -- (Not supported for targeted family) ; --            ; --          ; Top        ;
; PARTITION_FITTER_PRESERVATION_LEVEL ; -- (Not supported for targeted family) ; --            ; --          ; Top        ;
; PARTITION_NETLIST_TYPE              ; -- (Not supported for targeted family) ; --            ; --          ; Top        ;
; POWER_BOARD_THERMAL_MODEL           ; None (CONSERVATIVE)                    ; --            ; --          ; --         ;
; POWER_PRESET_COOLING_SOLUTION       ; 23 MM HEAT SINK WITH 200 LFPM AIRFLOW  ; --            ; --          ; --         ;
; PROJECT_OUTPUT_DIRECTORY            ; output_files                           ; --            ; --          ; --         ;
; SPD_FILE                            ; PLL12.spd                              ; --            ; --          ; --         ;
; SPD_FILE                            ; PLL80_30.spd                           ; --            ; --          ; --         ;
; SYNTHESIS_ONLY_QIP                  ; On                                     ; --            ; --          ; --         ;
; SYNTHESIS_ONLY_QIP                  ; On                                     ; --            ; --          ; --         ;
; USE_SIGNALTAP_FILE                  ; stp1.stp                               ; --            ; --          ; --         ;
+-------------------------------------+----------------------------------------+---------------+-------------+------------+


+--------------------------------------------------------------------------------------------------------------------------+
; Flow Elapsed Time                                                                                                        ;
+----------------------+--------------+-------------------------+---------------------+------------------------------------+
; Module Name          ; Elapsed Time ; Average Processors Used ; Peak Virtual Memory ; Total CPU Time (on all processors) ;
+----------------------+--------------+-------------------------+---------------------+------------------------------------+
; Analysis & Synthesis ; 00:00:19     ; 2.0                     ; 4958 MB             ; 00:00:34                           ;
; Fitter               ; 00:02:52     ; 1.2                     ; 7447 MB             ; 00:11:09                           ;
; Assembler            ; 00:00:21     ; 1.0                     ; 4959 MB             ; 00:00:19                           ;
; Timing Analyzer      ; 00:00:17     ; 3.1                     ; 5543 MB             ; 00:00:48                           ;
; Total                ; 00:03:49     ; --                      ; --                  ; 00:12:50                           ;
+----------------------+--------------+-------------------------+---------------------+------------------------------------+


+------------------------------------------------------------------------------------+
; Flow OS Summary                                                                    ;
+----------------------+------------------+------------+------------+----------------+
; Module Name          ; Machine Hostname ; OS Name    ; OS Version ; Processor type ;
+----------------------+------------------+------------+------------+----------------+
; Analysis & Synthesis ; DELL             ; Windows 10 ; 10.0       ; x86_64         ;
; Fitter               ; DELL             ; Windows 10 ; 10.0       ; x86_64         ;
; Assembler            ; DELL             ; Windows 10 ; 10.0       ; x86_64         ;
; Timing Analyzer      ; DELL             ; Windows 10 ; 10.0       ; x86_64         ;
+----------------------+------------------+------------+------------+----------------+


------------
; Flow Log ;
------------
quartus_map --read_settings_files=on --write_settings_files=off CMDSCI -c CMDSCI
quartus_fit --read_settings_files=off --write_settings_files=off CMDSCI -c CMDSCI
quartus_asm --read_settings_files=off --write_settings_files=off CMDSCI -c CMDSCI
quartus_sta CMDSCI -c CMDSCI



